{"/home/emmanuel/repos/CSC307_group_project/packages/express-backend/testBackend/sub.js": {"path":"/home/emmanuel/repos/CSC307_group_project/packages/express-backend/testBackend/sub.js","statementMap":{"0":{"start":{"line":2,"column":4},"end":{"line":2,"column":17}},"1":{"start":{"line":5,"column":0},"end":{"line":5,"column":20}}},"fnMap":{"0":{"name":"sub","decl":{"start":{"line":1,"column":9},"end":{"line":1,"column":12}},"loc":{"start":{"line":1,"column":18},"end":{"line":3,"column":1}},"line":1}},"branchMap":{},"s":{"0":1,"1":1},"f":{"0":1},"b":{},"_coverageSchema":"1a1c01bbd47fc00a2c39e90264f33305004495a9","hash":"287a9bcbb1f9a2dabb884ea1879deefdf1f6d150"}
}
