{"/home/emmanuel/repos/CSC307_group_project/packages/express-backend/testBackend/comment-service.js": {"path":"/home/emmanuel/repos/CSC307_group_project/packages/express-backend/testBackend/comment-service.js","statementMap":{"0":{"start":{"line":6,"column":25},"end":{"line":6,"column":50}},"1":{"start":{"line":7,"column":4},"end":{"line":7,"column":31}},"2":{"start":{"line":11,"column":4},"end":{"line":11,"column":37}}},"fnMap":{"0":{"name":"addComment","decl":{"start":{"line":5,"column":15},"end":{"line":5,"column":25}},"loc":{"start":{"line":5,"column":34},"end":{"line":8,"column":1}},"line":5},"1":{"name":"findCommentById","decl":{"start":{"line":10,"column":15},"end":{"line":10,"column":30}},"loc":{"start":{"line":10,"column":34},"end":{"line":12,"column":1}},"line":10}},"branchMap":{},"s":{"0":1,"1":1,"2":1},"f":{"0":1,"1":1},"b":{},"_coverageSchema":"1a1c01bbd47fc00a2c39e90264f33305004495a9","hash":"a9cd14f8864481d696705c00299cc4f24c61e6fa"}
,"/home/emmanuel/repos/CSC307_group_project/packages/express-backend/testBackend/community-service.js": {"path":"/home/emmanuel/repos/CSC307_group_project/packages/express-backend/testBackend/community-service.js","statementMap":{"0":{"start":{"line":5,"column":0},"end":{"line":5,"column":15}},"1":{"start":{"line":7,"column":0},"end":{"line":7,"column":28}},"2":{"start":{"line":8,"column":0},"end":{"line":9,"column":35}},"3":{"start":{"line":13,"column":2},"end":{"line":13,"column":37}},"4":{"start":{"line":17,"column":2},"end":{"line":17,"column":43}},"5":{"start":{"line":21,"column":20},"end":{"line":21,"column":49}},"6":{"start":{"line":22,"column":2},"end":{"line":22,"column":26}},"7":{"start":{"line":26,"column":2},"end":{"line":26,"column":55}},"8":{"start":{"line":30,"column":2},"end":{"line":31,"column":24}}},"fnMap":{"0":{"name":"findCommunityById","decl":{"start":{"line":12,"column":15},"end":{"line":12,"column":32}},"loc":{"start":{"line":12,"column":36},"end":{"line":14,"column":1}},"line":12},"1":{"name":"findCommunityByName","decl":{"start":{"line":16,"column":15},"end":{"line":16,"column":34}},"loc":{"start":{"line":16,"column":40},"end":{"line":18,"column":1}},"line":16},"2":{"name":"addCommunity","decl":{"start":{"line":20,"column":15},"end":{"line":20,"column":27}},"loc":{"start":{"line":20,"column":38},"end":{"line":23,"column":1}},"line":20},"3":{"name":"getCommunitiesWLimit","decl":{"start":{"line":25,"column":15},"end":{"line":25,"column":35}},"loc":{"start":{"line":25,"column":42},"end":{"line":27,"column":1}},"line":25},"4":{"name":"searchCommunityByTerm","decl":{"start":{"line":29,"column":15},"end":{"line":29,"column":36}},"loc":{"start":{"line":29,"column":55},"end":{"line":32,"column":1}},"line":29}},"branchMap":{},"s":{"0":1,"1":1,"2":1,"3":1,"4":1,"5":1,"6":1,"7":1,"8":1},"f":{"0":1,"1":1,"2":1,"3":1,"4":1},"b":{},"_coverageSchema":"1a1c01bbd47fc00a2c39e90264f33305004495a9","hash":"6b4fcfd911b458e75291da47aa28c3c9785ef71d"}
,"/home/emmanuel/repos/CSC307_group_project/packages/express-backend/testBackend/posts-service.js": {"path":"/home/emmanuel/repos/CSC307_group_project/packages/express-backend/testBackend/posts-service.js","statementMap":{"0":{"start":{"line":5,"column":0},"end":{"line":5,"column":15}},"1":{"start":{"line":7,"column":0},"end":{"line":7,"column":28}},"2":{"start":{"line":8,"column":0},"end":{"line":9,"column":35}},"3":{"start":{"line":13,"column":1},"end":{"line":13,"column":45}},"4":{"start":{"line":17,"column":1},"end":{"line":17,"column":32}},"5":{"start":{"line":21,"column":19},"end":{"line":21,"column":39}},"6":{"start":{"line":22,"column":1},"end":{"line":22,"column":25}},"7":{"start":{"line":27,"column":1},"end":{"line":27,"column":50}},"8":{"start":{"line":31,"column":1},"end":{"line":32,"column":23}}},"fnMap":{"0":{"name":"findPostByTitle","decl":{"start":{"line":12,"column":15},"end":{"line":12,"column":30}},"loc":{"start":{"line":12,"column":37},"end":{"line":14,"column":1}},"line":12},"1":{"name":"findPostById","decl":{"start":{"line":16,"column":15},"end":{"line":16,"column":27}},"loc":{"start":{"line":16,"column":31},"end":{"line":18,"column":1}},"line":16},"2":{"name":"addPost","decl":{"start":{"line":20,"column":15},"end":{"line":20,"column":22}},"loc":{"start":{"line":20,"column":28},"end":{"line":23,"column":1}},"line":20},"3":{"name":"getPostWLimit","decl":{"start":{"line":26,"column":15},"end":{"line":26,"column":28}},"loc":{"start":{"line":26,"column":35},"end":{"line":28,"column":1}},"line":26},"4":{"name":"searchPostByTerm","decl":{"start":{"line":30,"column":15},"end":{"line":30,"column":31}},"loc":{"start":{"line":30,"column":50},"end":{"line":33,"column":3}},"line":30}},"branchMap":{},"s":{"0":1,"1":1,"2":1,"3":1,"4":1,"5":1,"6":1,"7":1,"8":1},"f":{"0":1,"1":1,"2":1,"3":1,"4":1},"b":{},"_coverageSchema":"1a1c01bbd47fc00a2c39e90264f33305004495a9","hash":"c635965b070e47ad55ab69967e4435ffc575e011"}
,"/home/emmanuel/repos/CSC307_group_project/packages/express-backend/testBackend/user-service.js": {"path":"/home/emmanuel/repos/CSC307_group_project/packages/express-backend/testBackend/user-service.js","statementMap":{"0":{"start":{"line":6,"column":1},"end":{"line":6,"column":31}},"1":{"start":{"line":10,"column":19},"end":{"line":10,"column":38}},"2":{"start":{"line":11,"column":1},"end":{"line":11,"column":25}},"3":{"start":{"line":16,"column":4},"end":{"line":16,"column":47}}},"fnMap":{"0":{"name":"findUserById","decl":{"start":{"line":5,"column":15},"end":{"line":5,"column":27}},"loc":{"start":{"line":5,"column":32},"end":{"line":7,"column":1}},"line":5},"1":{"name":"addUser","decl":{"start":{"line":9,"column":15},"end":{"line":9,"column":22}},"loc":{"start":{"line":9,"column":29},"end":{"line":12,"column":1}},"line":9},"2":{"name":"findUserByName","decl":{"start":{"line":15,"column":15},"end":{"line":15,"column":29}},"loc":{"start":{"line":15,"column":39},"end":{"line":17,"column":1}},"line":15}},"branchMap":{},"s":{"0":1,"1":1,"2":1,"3":1},"f":{"0":1,"1":1,"2":1},"b":{},"_coverageSchema":"1a1c01bbd47fc00a2c39e90264f33305004495a9","hash":"b055eddceaf5307911826878a9a666324ed01c2f"}
}
