TN:
SF:comment-service.js
FN:5,addComment
FN:10,findCommentById
FNF:2
FNH:2
FNDA:1,addComment
FNDA:1,findCommentById
DA:6,1
DA:7,1
DA:11,1
LF:3
LH:3
BRF:0
BRH:0
end_of_record
TN:
SF:community-service.js
FN:12,findCommunityById
FN:16,findCommunityByName
FN:20,addCommunity
FN:25,getCommunitiesWLimit
FN:29,searchCommunityByTerm
FNF:5
FNH:5
FNDA:1,findCommunityById
FNDA:1,findCommunityByName
FNDA:1,addCommunity
FNDA:1,getCommunitiesWLimit
FNDA:1,searchCommunityByTerm
DA:5,1
DA:7,1
DA:8,1
DA:13,1
DA:17,1
DA:21,1
DA:22,1
DA:26,1
DA:30,1
LF:9
LH:9
BRF:0
BRH:0
end_of_record
TN:
SF:posts-service.js
FN:12,findPostByTitle
FN:16,findPostById
FN:20,addPost
FN:26,getPostWLimit
FN:30,searchPostByTerm
FNF:5
FNH:5
FNDA:1,findPostByTitle
FNDA:1,findPostById
FNDA:1,addPost
FNDA:1,getPostWLimit
FNDA:1,searchPostByTerm
DA:5,1
DA:7,1
DA:8,1
DA:13,1
DA:17,1
DA:21,1
DA:22,1
DA:27,1
DA:31,1
LF:9
LH:9
BRF:0
BRH:0
end_of_record
TN:
SF:user-service.js
FN:5,findUserById
FN:9,addUser
FN:15,findUserByName
FNF:3
FNH:3
FNDA:1,findUserById
FNDA:1,addUser
FNDA:1,findUserByName
DA:6,1
DA:10,1
DA:11,1
DA:16,1
LF:4
LH:4
BRF:0
BRH:0
end_of_record
